d:\c++\qtpaint001\qtpaint001\x64\debug\moc_myscene.obj
d:\c++\qtpaint001\qtpaint001\x64\debug\mypixmap.obj
d:\c++\qtpaint001\qtpaint001\x64\debug\moc_qtpaint001.obj
d:\c++\qtpaint001\qtpaint001\x64\debug\main.obj
d:\c++\qtpaint001\qtpaint001\x64\debug\moc_mypixmap.obj
d:\c++\qtpaint001\qtpaint001\x64\debug\myscene.obj
d:\c++\qtpaint001\qtpaint001\x64\debug\mypathitem.obj
d:\c++\qtpaint001\qtpaint001\x64\debug\qtpaint001.obj
d:\c++\qtpaint001\qtpaint001\x64\debug\qrc_qtpaint001.obj
d:\c++\qtpaint001\qtpaint001\x64\debug\vc141.pdb
d:\c++\qtpaint001\qtpaint001\generatedfiles\debug\moc_qtpaint001.cpp
d:\c++\qtpaint001\qtpaint001\generatedfiles\debug\moc_myscene.cpp
d:\c++\qtpaint001\qtpaint001\generatedfiles\debug\moc_mypixmap.cpp
d:\c++\qtpaint001\qtpaint001\generatedfiles\qrc_qtpaint001.cpp
d:\c++\qtpaint001\qtpaint001\generatedfiles\ui_qtpaint001.h
d:\c++\qtpaint001\x64\debug\qtpaint001.pdb
d:\c++\qtpaint001\qtpaint001\x64\debug\qtpaint001.tlog\cl.11696.write.1.tlog
d:\c++\qtpaint001\qtpaint001\x64\debug\qtpaint001.tlog\cl.command.1.tlog
d:\c++\qtpaint001\qtpaint001\x64\debug\qtpaint001.tlog\cl.read.1.tlog
d:\c++\qtpaint001\qtpaint001\x64\debug\qtpaint001.tlog\link-cvtres.read.1.tlog
d:\c++\qtpaint001\qtpaint001\x64\debug\qtpaint001.tlog\link-cvtres.write.1.tlog
d:\c++\qtpaint001\qtpaint001\x64\debug\qtpaint001.tlog\link-rc.read.1.tlog
d:\c++\qtpaint001\qtpaint001\x64\debug\qtpaint001.tlog\link-rc.write.1.tlog
d:\c++\qtpaint001\qtpaint001\x64\debug\qtpaint001.tlog\link.command.1.tlog
d:\c++\qtpaint001\qtpaint001\x64\debug\qtpaint001.tlog\link.read.1.tlog
d:\c++\qtpaint001\qtpaint001\x64\debug\qtpaint001.tlog\link.write.1.tlog
d:\c++\qtpaint001\qtpaint001\x64\debug\qtpaint001.tlog\qtpaint001.write.1u.tlog
